============================================================
Dienstplan - Standalone Executable Builder
============================================================

[1/5] Installing dependencies...
Defaulting to user installation because normal site-packages is not writeable
Requirement already satisfied: pip in /home/timo/.local/lib/python3.10/site-packages (26.0.1)
WARNING: Error parsing dependencies of flatbuffers: Invalid version: '1.12.1-git20200711.33e2d80-dfsg1-0.6'
Defaulting to user installation because normal site-packages is not writeable
Requirement already satisfied: ortools>=9.8.3296 in /home/timo/.local/lib/python3.10/site-packages (from -r requirements.txt (line 5)) (9.14.6206)
Requirement already satisfied: fastapi>=0.115.0 in /home/timo/.local/lib/python3.10/site-packages (from -r requirements.txt (line 8)) (0.136.0)
Requirement already satisfied: uvicorn>=0.32.0 in /home/timo/.local/lib/python3.10/site-packages (from uvicorn[standard]>=0.32.0->-r requirements.txt (line 9)) (0.44.0)
Requirement already satisfied: bcrypt>=4.0.0 in /home/timo/.local/lib/python3.10/site-packages (from -r requirements.txt (line 12)) (5.0.0)
Requirement already satisfied: slowapi>=0.1.9 in /home/timo/.local/lib/python3.10/site-packages (from -r requirements.txt (line 13)) (0.1.9)
Requirement already satisfied: python-multipart>=0.0.22 in /home/timo/.local/lib/python3.10/site-packages (from -r requirements.txt (line 14)) (0.0.26)
Requirement already satisfied: itsdangerous>=2.2.0 in /home/timo/.local/lib/python3.10/site-packages (from -r requirements.txt (line 15)) (2.2.0)
Requirement already satisfied: python-dateutil>=2.8.2 in /home/timo/.local/lib/python3.10/site-packages (from -r requirements.txt (line 18)) (2.9.0.post0)
Requirement already satisfied: numpy>=1.26.0 in /home/timo/.local/lib/python3.10/site-packages (from -r requirements.txt (line 23)) (1.26.4)
Requirement already satisfied: numexpr>=2.8.4 in /home/timo/.local/lib/python3.10/site-packages (from -r requirements.txt (line 27)) (2.14.1)
Requirement already satisfied: bottleneck>=1.3.6 in /home/timo/.local/lib/python3.10/site-packages (from -r requirements.txt (line 28)) (1.6.0)
Requirement already satisfied: alembic>=1.13.0 in /home/timo/.local/lib/python3.10/site-packages (from -r requirements.txt (line 34)) (1.18.4)
Requirement already satisfied: reportlab>=4.0.0 in /home/timo/.local/lib/python3.10/site-packages (from -r requirements.txt (line 37)) (4.4.6)
Requirement already satisfied: pyinstaller>=6.0.0 in /home/timo/.local/lib/python3.10/site-packages (from -r requirements.txt (line 40)) (6.17.0)
Requirement already satisfied: openpyxl>=3.1.0 in /home/timo/.local/lib/python3.10/site-packages (from -r requirements.txt (line 43)) (3.1.5)
Requirement already satisfied: csscompressor>=0.9.5 in /home/timo/.local/lib/python3.10/site-packages (from -r requirements.txt (line 46)) (0.9.5)
Requirement already satisfied: absl-py>=2.0.0 in /home/timo/.local/lib/python3.10/site-packages (from ortools>=9.8.3296->-r requirements.txt (line 5)) (2.3.1)
Requirement already satisfied: pandas>=2.0.0 in /home/timo/.local/lib/python3.10/site-packages (from ortools>=9.8.3296->-r requirements.txt (line 5)) (2.3.3)
Requirement already satisfied: protobuf<6.32,>=6.31.1 in /home/timo/.local/lib/python3.10/site-packages (from ortools>=9.8.3296->-r requirements.txt (line 5)) (6.31.1)
Requirement already satisfied: typing-extensions>=4.12 in /home/timo/.local/lib/python3.10/site-packages (from ortools>=9.8.3296->-r requirements.txt (line 5)) (4.15.0)
Requirement already satisfied: immutabledict>=3.0.0 in /home/timo/.local/lib/python3.10/site-packages (from ortools>=9.8.3296->-r requirements.txt (line 5)) (4.2.2)
Requirement already satisfied: starlette>=0.46.0 in /home/timo/.local/lib/python3.10/site-packages (from fastapi>=0.115.0->-r requirements.txt (line 8)) (1.0.0)
Requirement already satisfied: pydantic>=2.9.0 in /home/timo/.local/lib/python3.10/site-packages (from fastapi>=0.115.0->-r requirements.txt (line 8)) (2.13.2)
Requirement already satisfied: typing-inspection>=0.4.2 in /home/timo/.local/lib/python3.10/site-packages (from fastapi>=0.115.0->-r requirements.txt (line 8)) (0.4.2)
Requirement already satisfied: annotated-doc>=0.0.2 in /home/timo/.local/lib/python3.10/site-packages (from fastapi>=0.115.0->-r requirements.txt (line 8)) (0.0.4)
Requirement already satisfied: click>=7.0 in /home/timo/.local/lib/python3.10/site-packages (from uvicorn>=0.32.0->uvicorn[standard]>=0.32.0->-r requirements.txt (line 9)) (8.1.7)
Requirement already satisfied: h11>=0.8 in /home/timo/.local/lib/python3.10/site-packages (from uvicorn>=0.32.0->uvicorn[standard]>=0.32.0->-r requirements.txt (line 9)) (0.16.0)
Requirement already satisfied: limits>=2.3 in /home/timo/.local/lib/python3.10/site-packages (from slowapi>=0.1.9->-r requirements.txt (line 13)) (5.8.0)
Requirement already satisfied: six>=1.5 in /usr/lib/python3/dist-packages (from python-dateutil>=2.8.2->-r requirements.txt (line 18)) (1.16.0)
Requirement already satisfied: SQLAlchemy>=1.4.23 in /home/timo/.local/lib/python3.10/site-packages (from alembic>=1.13.0->-r requirements.txt (line 34)) (2.0.49)
Requirement already satisfied: Mako in /usr/lib/python3/dist-packages (from alembic>=1.13.0->-r requirements.txt (line 34)) (1.1.3)
Requirement already satisfied: tomli in /home/timo/.local/lib/python3.10/site-packages (from alembic>=1.13.0->-r requirements.txt (line 34)) (2.4.1)
Requirement already satisfied: pillow>=9.0.0 in /home/timo/.local/lib/python3.10/site-packages (from reportlab>=4.0.0->-r requirements.txt (line 37)) (11.2.1)
Requirement already satisfied: charset-normalizer in /home/timo/.local/lib/python3.10/site-packages (from reportlab>=4.0.0->-r requirements.txt (line 37)) (3.4.1)
Requirement already satisfied: altgraph in /home/timo/.local/lib/python3.10/site-packages (from pyinstaller>=6.0.0->-r requirements.txt (line 40)) (0.17.5)
Requirement already satisfied: packaging>=22.0 in /home/timo/.local/lib/python3.10/site-packages (from pyinstaller>=6.0.0->-r requirements.txt (line 40)) (25.0)
Requirement already satisfied: pyinstaller-hooks-contrib>=2025.9 in /home/timo/.local/lib/python3.10/site-packages (from pyinstaller>=6.0.0->-r requirements.txt (line 40)) (2025.10)
Requirement already satisfied: setuptools>=42.0.0 in /usr/lib/python3/dist-packages (from pyinstaller>=6.0.0->-r requirements.txt (line 40)) (59.6.0)
Requirement already satisfied: et-xmlfile in /usr/lib/python3/dist-packages (from openpyxl>=3.1.0->-r requirements.txt (line 43)) (1.0.1)
Requirement already satisfied: deprecated>=1.2 in /home/timo/.local/lib/python3.10/site-packages (from limits>=2.3->slowapi>=0.1.9->-r requirements.txt (line 13)) (1.3.1)
Requirement already satisfied: wrapt<3,>=1.10 in /home/timo/.local/lib/python3.10/site-packages (from deprecated>=1.2->limits>=2.3->slowapi>=0.1.9->-r requirements.txt (line 13)) (2.1.2)
Requirement already satisfied: pytz>=2020.1 in /usr/lib/python3/dist-packages (from pandas>=2.0.0->ortools>=9.8.3296->-r requirements.txt (line 5)) (2022.1)
Requirement already satisfied: tzdata>=2022.7 in /home/timo/.local/lib/python3.10/site-packages (from pandas>=2.0.0->ortools>=9.8.3296->-r requirements.txt (line 5)) (2025.2)
Requirement already satisfied: annotated-types>=0.6.0 in /home/timo/.local/lib/python3.10/site-packages (from pydantic>=2.9.0->fastapi>=0.115.0->-r requirements.txt (line 8)) (0.7.0)
Requirement already satisfied: pydantic-core==2.46.2 in /home/timo/.local/lib/python3.10/site-packages (from pydantic>=2.9.0->fastapi>=0.115.0->-r requirements.txt (line 8)) (2.46.2)
Requirement already satisfied: greenlet>=1 in /home/timo/.local/lib/python3.10/site-packages (from SQLAlchemy>=1.4.23->alembic>=1.13.0->-r requirements.txt (line 34)) (3.4.0)
Requirement already satisfied: anyio<5,>=3.6.2 in /home/timo/.local/lib/python3.10/site-packages (from starlette>=0.46.0->fastapi>=0.115.0->-r requirements.txt (line 8)) (4.13.0)
Requirement already satisfied: exceptiongroup>=1.0.2 in /home/timo/.local/lib/python3.10/site-packages (from anyio<5,>=3.6.2->starlette>=0.46.0->fastapi>=0.115.0->-r requirements.txt (line 8)) (1.3.1)
Requirement already satisfied: idna>=2.8 in /usr/lib/python3/dist-packages (from anyio<5,>=3.6.2->starlette>=0.46.0->fastapi>=0.115.0->-r requirements.txt (line 8)) (3.3)
Requirement already satisfied: httptools>=0.6.3 in /home/timo/.local/lib/python3.10/site-packages (from uvicorn[standard]>=0.32.0->-r requirements.txt (line 9)) (0.7.1)
Requirement already satisfied: python-dotenv>=0.13 in /home/timo/.local/lib/python3.10/site-packages (from uvicorn[standard]>=0.32.0->-r requirements.txt (line 9)) (1.2.1)
Requirement already satisfied: pyyaml>=5.1 in /usr/lib/python3/dist-packages (from uvicorn[standard]>=0.32.0->-r requirements.txt (line 9)) (5.4.1)
Requirement already satisfied: uvloop>=0.15.1 in /home/timo/.local/lib/python3.10/site-packages (from uvicorn[standard]>=0.32.0->-r requirements.txt (line 9)) (0.22.1)
Requirement already satisfied: watchfiles>=0.20 in /home/timo/.local/lib/python3.10/site-packages (from uvicorn[standard]>=0.32.0->-r requirements.txt (line 9)) (1.1.1)
Requirement already satisfied: websockets>=10.4 in /home/timo/.local/lib/python3.10/site-packages (from uvicorn[standard]>=0.32.0->-r requirements.txt (line 9)) (16.0)
WARNING: Error parsing dependencies of flatbuffers: Invalid version: '1.12.1-git20200711.33e2d80-dfsg1-0.6'

[1b/5] Minifying CSS assets...
CSS minified: 51683 → 37269 bytes (72% of original)

[2/4] Cleaning previous build...

[3/4] Building executable with PyInstaller...
Note: Database will be created dynamically at runtime (no bundled data)
56 INFO: PyInstaller: 6.17.0, contrib hooks: 2025.10
57 INFO: Python: 3.10.12
57 INFO: Platform: Linux-5.15.0-174-generic-x86_64-with-glibc2.35
57 INFO: Python environment: /usr
Found 16 OR-Tools binary files
62 INFO: Module search paths (PYTHONPATH):
['/home/timo/git/Dienstplan',
 '/usr/lib/python310.zip',
 '/usr/lib/python3.10',
 '/usr/lib/python3.10/lib-dynload',
 '/home/timo/.local/lib/python3.10/site-packages',
 '/usr/local/lib/python3.10/dist-packages',
 '/usr/lib/python3/dist-packages',
 '/usr/lib/python3.10/dist-packages',
 '/home/timo/git/Dienstplan']
231 INFO: Appending 'binaries' from .spec
231 INFO: Appending 'datas' from .spec
233 INFO: checking Analysis
233 INFO: Building Analysis because Analysis-00.toc is non existent
233 INFO: Looking for Python shared library...
246 WARNING: Unrecognised line of output 'Der Cache wurde generiert von: ldconfig (Ubuntu GLIBC 2.35-0ubuntu3.13) stable release version 2.35' from ldconfig
246 INFO: Using Python shared library: /lib/x86_64-linux-gnu/libpython3.10.so.1.0
246 INFO: Running Analysis Analysis-00.toc
246 INFO: Target bytecode optimization level: 0
246 INFO: Initializing module dependency graph...
247 INFO: Initializing module graph hook caches...
254 INFO: Analyzing modules for base_library.zip ...
536 INFO: Processing standard module hook 'hook-heapq.py' from '/home/timo/.local/lib/python3.10/site-packages/PyInstaller/hooks'
585 INFO: Processing standard module hook 'hook-encodings.py' from '/home/timo/.local/lib/python3.10/site-packages/PyInstaller/hooks'
1379 INFO: Processing standard module hook 'hook-pickle.py' from '/home/timo/.local/lib/python3.10/site-packages/PyInstaller/hooks'
2152 INFO: Caching module dependency graph...
2190 INFO: Analyzing /home/timo/git/Dienstplan/launcher.py
2241 INFO: Processing standard module hook 'hook-sqlite3.py' from '/home/timo/.local/lib/python3.10/site-packages/PyInstaller/hooks'
2339 INFO: Processing standard module hook 'hook-bcrypt.py' from '/home/timo/.local/lib/python3.10/site-packages/_pyinstaller_hooks_contrib/stdhooks'
2356 INFO: Processing standard module hook 'hook-sqlalchemy.py' from '/home/timo/.local/lib/python3.10/site-packages/PyInstaller/hooks'
2677 INFO: Processing standard module hook 'hook-platform.py' from '/home/timo/.local/lib/python3.10/site-packages/PyInstaller/hooks'
2689 INFO: Processing standard module hook 'hook-sysconfig.py' from '/home/timo/.local/lib/python3.10/site-packages/PyInstaller/hooks'
2733 INFO: Processing pre-safe-import-module hook 'hook-typing_extensions.py' from '/home/timo/.local/lib/python3.10/site-packages/PyInstaller/hooks/pre_safe_import_module'
2733 INFO: SetuptoolsInfo: initializing cached setuptools info...
3109 INFO: Processing standard module hook 'hook-multiprocessing.util.py' from '/home/timo/.local/lib/python3.10/site-packages/PyInstaller/hooks'
3220 INFO: Processing standard module hook 'hook-xml.py' from '/home/timo/.local/lib/python3.10/site-packages/PyInstaller/hooks'
3345 INFO: Processing standard module hook 'hook-_ctypes.py' from '/home/timo/.local/lib/python3.10/site-packages/PyInstaller/hooks'
3559 INFO: Processing pre-safe-import-module hook 'hook-importlib_metadata.py' from '/home/timo/.local/lib/python3.10/site-packages/PyInstaller/hooks/pre_safe_import_module'
3571 INFO: Processing standard module hook 'hook-importlib_metadata.py' from '/home/timo/.local/lib/python3.10/site-packages/PyInstaller/hooks'
3571 INFO: Processing pre-safe-import-module hook 'hook-zipp.py' from '/home/timo/.local/lib/python3.10/site-packages/PyInstaller/hooks/pre_safe_import_module'
3574 INFO: Processing pre-safe-import-module hook 'hook-more_itertools.py' from '/home/timo/.local/lib/python3.10/site-packages/PyInstaller/hooks/pre_safe_import_module'
5691 INFO: Processing pre-safe-import-module hook 'hook-tomli.py' from '/home/timo/.local/lib/python3.10/site-packages/PyInstaller/hooks/pre_safe_import_module'
5979 INFO: Processing standard module hook 'hook-pkg_resources.py' from '/home/timo/.local/lib/python3.10/site-packages/PyInstaller/hooks'
6536 INFO: Processing standard module hook 'hook-mako.codegen.py' from '/home/timo/.local/lib/python3.10/site-packages/_pyinstaller_hooks_contrib/stdhooks'
6624 INFO: Processing standard module hook 'hook-pygments.py' from '/home/timo/.local/lib/python3.10/site-packages/PyInstaller/hooks'
7889 INFO: Processing standard module hook 'hook-zoneinfo.py' from '/home/timo/.local/lib/python3.10/site-packages/_pyinstaller_hooks_contrib/stdhooks'
8546 INFO: Processing standard module hook 'hook-anyio.py' from '/home/timo/.local/lib/python3.10/site-packages/_pyinstaller_hooks_contrib/stdhooks'
8811 INFO: Processing standard module hook 'hook-xml.dom.domreg.py' from '/home/timo/.local/lib/python3.10/site-packages/PyInstaller/hooks'
9056 INFO: Processing standard module hook 'hook-httplib2.py' from '/home/timo/.local/lib/python3.10/site-packages/_pyinstaller_hooks_contrib/stdhooks'
9432 INFO: Processing standard module hook 'hook-difflib.py' from '/home/timo/.local/lib/python3.10/site-packages/PyInstaller/hooks'
9464 INFO: Processing standard module hook 'hook-certifi.py' from '/home/timo/.local/lib/python3.10/site-packages/_pyinstaller_hooks_contrib/stdhooks'
9504 INFO: Processing standard module hook 'hook-xml.etree.cElementTree.py' from '/home/timo/.local/lib/python3.10/site-packages/PyInstaller/hooks'
9617 INFO: Processing standard module hook 'hook-cryptography.py' from '/home/timo/.local/lib/python3.10/site-packages/_pyinstaller_hooks_contrib/stdhooks'
9907 INFO: hook-cryptography: cryptography does not seem to be using dynamically linked OpenSSL.
10039 INFO: Processing pre-safe-import-module hook 'hook-six.moves.py' from '/home/timo/.local/lib/python3.10/site-packages/PyInstaller/hooks/pre_safe_import_module'
10084 INFO: Processing standard module hook 'hook-keyring.py' from '/home/timo/.local/lib/python3.10/site-packages/PyInstaller/hooks'
10792 INFO: Processing standard module hook 'hook-pydantic.py' from '/home/timo/.local/lib/python3.10/site-packages/_pyinstaller_hooks_contrib/stdhooks'
11615 INFO: Processing pre-safe-import-module hook 'hook-distutils.py' from '/home/timo/.local/lib/python3.10/site-packages/PyInstaller/hooks/pre_safe_import_module'
11615 INFO: Processing pre-find-module-path hook 'hook-distutils.py' from '/home/timo/.local/lib/python3.10/site-packages/PyInstaller/hooks/pre_find_module_path'
11615 INFO: Processing standard module hook 'hook-distutils.py' from '/home/timo/.local/lib/python3.10/site-packages/PyInstaller/hooks'
11634 INFO: Processing standard module hook 'hook-_osx_support.py' from '/home/timo/.local/lib/python3.10/site-packages/PyInstaller/hooks'
11641 INFO: Processing standard module hook 'hook-distutils.util.py' from '/home/timo/.local/lib/python3.10/site-packages/PyInstaller/hooks'
11671 INFO: Processing standard module hook 'hook-numpy.py' from '/home/timo/.local/lib/python3.10/site-packages/PyInstaller/hooks'
12094 INFO: Processing standard module hook 'hook-psutil.py' from '/home/timo/.local/lib/python3.10/site-packages/_pyinstaller_hooks_contrib/stdhooks'
15752 INFO: Processing standard module hook 'hook-lxml.py' from '/home/timo/.local/lib/python3.10/site-packages/_pyinstaller_hooks_contrib/stdhooks'
15888 INFO: Processing standard module hook 'hook-lxml.etree.py' from '/home/timo/.local/lib/python3.10/site-packages/_pyinstaller_hooks_contrib/stdhooks'
15928 INFO: Processing standard module hook 'hook-setuptools.py' from '/home/timo/.local/lib/python3.10/site-packages/PyInstaller/hooks'
16058 INFO: Processing standard module hook 'hook-IPython.py' from '/home/timo/.local/lib/python3.10/site-packages/_pyinstaller_hooks_contrib/stdhooks'
17469 INFO: Processing standard module hook 'hook-wcwidth.py' from '/home/timo/.local/lib/python3.10/site-packages/PyInstaller/hooks'
17593 INFO: Processing pre-safe-import-module hook 'hook-backports.py' from '/home/timo/.local/lib/python3.10/site-packages/PyInstaller/hooks/pre_safe_import_module'
18306 INFO: Processing standard module hook 'hook-jedi.py' from '/home/timo/.local/lib/python3.10/site-packages/_pyinstaller_hooks_contrib/stdhooks'
18537 INFO: Processing standard module hook 'hook-parso.py' from '/home/timo/.local/lib/python3.10/site-packages/_pyinstaller_hooks_contrib/stdhooks'
19268 INFO: Processing standard module hook 'hook-PIL.py' from '/home/timo/.local/lib/python3.10/site-packages/PyInstaller/hooks'
19324 INFO: Processing standard module hook 'hook-PIL.Image.py' from '/home/timo/.local/lib/python3.10/site-packages/PyInstaller/hooks'
19633 INFO: Processing standard module hook 'hook-PIL.ImageFilter.py' from '/home/timo/.local/lib/python3.10/site-packages/PyInstaller/hooks'
20573 INFO: Processing standard module hook 'hook-limits.py' from '/home/timo/.local/lib/python3.10/site-packages/_pyinstaller_hooks_contrib/stdhooks'
20678 INFO: Processing pre-safe-import-module hook 'hook-packaging.py' from '/home/timo/.local/lib/python3.10/site-packages/PyInstaller/hooks/pre_safe_import_module'
20987 INFO: Processing standard module hook 'hook-pandas.py' from '/home/timo/.local/lib/python3.10/site-packages/PyInstaller/hooks'
116 INFO: NumExpr defaulting to 6 threads.
21730 INFO: Processing standard module hook 'hook-pytz.py' from '/home/timo/.local/lib/python3.10/site-packages/PyInstaller/hooks'
22207 INFO: Processing standard module hook 'hook-pytest.py' from '/home/timo/.local/lib/python3.10/site-packages/_pyinstaller_hooks_contrib/stdhooks'
22424 INFO: Processing standard module hook 'hook-py.py' from '/home/timo/.local/lib/python3.10/site-packages/_pyinstaller_hooks_contrib/stdhooks'
23913 INFO: Processing standard module hook 'hook-numba.py' from '/home/timo/.local/lib/python3.10/site-packages/_pyinstaller_hooks_contrib/stdhooks'
23922 INFO: Processing standard module hook 'hook-llvmlite.py' from '/home/timo/.local/lib/python3.10/site-packages/_pyinstaller_hooks_contrib/stdhooks'
24477 INFO: Processing standard module hook 'hook-pycparser.py' from '/home/timo/.local/lib/python3.10/site-packages/_pyinstaller_hooks_contrib/stdhooks'
26179 INFO: Processing standard module hook 'hook-jinja2.py' from '/home/timo/.local/lib/python3.10/site-packages/_pyinstaller_hooks_contrib/stdhooks'
27549 INFO: Processing pre-safe-import-module hook 'hook-win32com.py' from '/home/timo/.local/lib/python3.10/site-packages/_pyinstaller_hooks_contrib/pre_safe_import_module'
28689 INFO: Processing standard module hook 'hook-pandas.io.formats.style.py' from '/home/timo/.local/lib/python3.10/site-packages/PyInstaller/hooks'
29980 INFO: Processing standard module hook 'hook-pandas.plotting.py' from '/home/timo/.local/lib/python3.10/site-packages/PyInstaller/hooks'
30685 INFO: Processing standard module hook 'hook-openpyxl.py' from '/home/timo/.local/lib/python3.10/site-packages/_pyinstaller_hooks_contrib/stdhooks'
31871 INFO: Processing standard module hook 'hook-tables.py' from '/home/timo/.local/lib/python3.10/site-packages/_pyinstaller_hooks_contrib/stdhooks'
32363 INFO: Processing standard module hook 'hook-pandas.io.clipboard.py' from '/home/timo/.local/lib/python3.10/site-packages/PyInstaller/hooks'
32530 INFO: Processing standard module hook 'hook-dateutil.py' from '/home/timo/.local/lib/python3.10/site-packages/_pyinstaller_hooks_contrib/stdhooks'
32691 INFO: Processing standard module hook 'hook-fsspec.py' from '/home/timo/.local/lib/python3.10/site-packages/_pyinstaller_hooks_contrib/stdhooks'
33018 INFO: Processing standard module hook 'hook-lz4.py' from '/home/timo/.local/lib/python3.10/site-packages/_pyinstaller_hooks_contrib/stdhooks'
34559 INFO: Processing standard module hook 'hook-reportlab.lib.utils.py' from '/home/timo/.local/lib/python3.10/site-packages/_pyinstaller_hooks_contrib/stdhooks'
34672 INFO: Processing standard module hook 'hook-reportlab.pdfbase._fontdata.py' from '/home/timo/.local/lib/python3.10/site-packages/_pyinstaller_hooks_contrib/stdhooks'
34906 INFO: Processing standard module hook 'hook-charset_normalizer.py' from '/home/timo/.local/lib/python3.10/site-packages/_pyinstaller_hooks_contrib/stdhooks'
36225 INFO: Processing standard module hook 'hook-uvicorn.py' from '/home/timo/.local/lib/python3.10/site-packages/_pyinstaller_hooks_contrib/stdhooks'
36707 INFO: Processing standard module hook 'hook-websockets.py' from '/home/timo/.local/lib/python3.10/site-packages/_pyinstaller_hooks_contrib/stdhooks'
37488 INFO: Analyzing hidden import 'ortools.init'
37488 INFO: Analyzing hidden import 'ortools.init.python'
37489 INFO: Analyzing hidden import 'ortools.init.python.init'
37490 INFO: Processing module hooks (post-graph stage)...
37618 INFO: Processing standard module hook 'hook-lxml.isoschematron.py' from '/home/timo/.local/lib/python3.10/site-packages/_pyinstaller_hooks_contrib/stdhooks'
37688 INFO: Processing standard module hook 'hook-uvloop.py' from '/home/timo/.local/lib/python3.10/site-packages/_pyinstaller_hooks_contrib/stdhooks'
38081 INFO: Processing standard module hook 'hook-urllib3.py' from '/home/timo/.local/lib/python3.10/site-packages/_pyinstaller_hooks_contrib/stdhooks'
38583 INFO: Processing standard module hook 'hook-lxml.objectify.py' from '/home/timo/.local/lib/python3.10/site-packages/_pyinstaller_hooks_contrib/stdhooks'
38837 INFO: Processing standard module hook 'hook-zope.interface.py' from '/home/timo/.local/lib/python3.10/site-packages/PyInstaller/hooks'
39150 INFO: Processing pre-safe-import-module hook 'hook-gi.py' from '/home/timo/.local/lib/python3.10/site-packages/PyInstaller/hooks/pre_safe_import_module'
39183 INFO: Processing standard module hook 'hook-gi.py' from '/home/timo/.local/lib/python3.10/site-packages/PyInstaller/hooks'
39210 INFO: Processing pre-safe-import-module hook 'hook-gi.overrides.py' from '/home/timo/.local/lib/python3.10/site-packages/PyInstaller/hooks/pre_safe_import_module'
39246 INFO: Processing pre-safe-import-module hook 'hook-gi.repository.Gio.py' from '/home/timo/.local/lib/python3.10/site-packages/PyInstaller/hooks/pre_safe_import_module'
39247 INFO: Processing standard module hook 'hook-gi.repository.Gio.py' from '/home/timo/.local/lib/python3.10/site-packages/PyInstaller/hooks'
39428 INFO: Processing pre-safe-import-module hook 'hook-gi.repository.GLib.py' from '/home/timo/.local/lib/python3.10/site-packages/PyInstaller/hooks/pre_safe_import_module'
39428 INFO: Processing standard module hook 'hook-gi.repository.GLib.py' from '/home/timo/.local/lib/python3.10/site-packages/PyInstaller/hooks'
39773 INFO: Processing standard module hook 'hook-gi.repository.GLib.py' from '/home/timo/.local/lib/python3.10/site-packages/PyInstaller/hooks'
40268 INFO: Processing pre-safe-import-module hook 'hook-gi.repository.GObject.py' from '/home/timo/.local/lib/python3.10/site-packages/PyInstaller/hooks/pre_safe_import_module'
40277 INFO: Processing standard module hook 'hook-sqlalchemy.py' from '/home/timo/.local/lib/python3.10/site-packages/PyInstaller/hooks'
40501 WARNING: Hidden import "MySQLdb" not found!
41027 INFO: Processing standard module hook 'hook-PIL.SpiderImagePlugin.py' from '/home/timo/.local/lib/python3.10/site-packages/PyInstaller/hooks'
41053 INFO: Processing standard module hook 'hook-gi.repository.GObject.py' from '/home/timo/.local/lib/python3.10/site-packages/PyInstaller/hooks'
42346 INFO: Performing binary vs. data reclassification (1922 entries)
42427 INFO: Looking for ctypes DLLs
42548 WARNING: Library msvcrt required via ctypes not found
42560 WARNING: Library user32 required via ctypes not found
42643 INFO: Analyzing run-time hooks ...
42659 INFO: Including run-time hook 'pyi_rth_inspect.py' from '/home/timo/.local/lib/python3.10/site-packages/PyInstaller/hooks/rthooks'
42661 INFO: Including run-time hook 'pyi_rth_pkgutil.py' from '/home/timo/.local/lib/python3.10/site-packages/PyInstaller/hooks/rthooks'
42662 INFO: Including run-time hook 'pyi_rth_multiprocessing.py' from '/home/timo/.local/lib/python3.10/site-packages/PyInstaller/hooks/rthooks'
42663 INFO: Including run-time hook 'pyi_rth_pkgres.py' from '/home/timo/.local/lib/python3.10/site-packages/PyInstaller/hooks/rthooks'
42665 INFO: Including run-time hook 'pyi_rth_traitlets.py' from '/home/timo/.local/lib/python3.10/site-packages/_pyinstaller_hooks_contrib/rthooks'
42666 INFO: Including run-time hook 'pyi_rth_glib.py' from '/home/timo/.local/lib/python3.10/site-packages/PyInstaller/hooks/rthooks'
42666 INFO: Including run-time hook 'pyi_rth_gio.py' from '/home/timo/.local/lib/python3.10/site-packages/PyInstaller/hooks/rthooks'
42667 INFO: Including run-time hook 'pyi_rth_gi.py' from '/home/timo/.local/lib/python3.10/site-packages/PyInstaller/hooks/rthooks'
42667 INFO: Including run-time hook 'pyi_rth_cryptography_openssl.py' from '/home/timo/.local/lib/python3.10/site-packages/_pyinstaller_hooks_contrib/rthooks'
42668 INFO: Including run-time hook 'pyi_rth_setuptools.py' from '/home/timo/.local/lib/python3.10/site-packages/PyInstaller/hooks/rthooks'
42732 INFO: Compiling collected GLib schema files in '/home/timo/git/Dienstplan/build/Dienstplan/_pyi_gschema_compilation'...
42805 INFO: Creating base_library.zip...
42823 INFO: Looking for dynamic libraries
46893 INFO: Warnings written to /home/timo/git/Dienstplan/build/Dienstplan/warn-Dienstplan.txt
47108 INFO: Graph cross-reference written to /home/timo/git/Dienstplan/build/Dienstplan/xref-Dienstplan.html
47219 INFO: checking PYZ
47219 INFO: Building PYZ because PYZ-00.toc is non existent
47219 INFO: Building PYZ (ZlibArchive) /home/timo/git/Dienstplan/build/Dienstplan/PYZ-00.pyz
49300 INFO: Building PYZ (ZlibArchive) /home/timo/git/Dienstplan/build/Dienstplan/PYZ-00.pyz completed successfully.
49358 INFO: checking PKG
49359 INFO: Building PKG because PKG-00.toc is non existent
49359 INFO: Building PKG (CArchive) Dienstplan.pkg
49379 INFO: Building PKG (CArchive) Dienstplan.pkg completed successfully.
49380 INFO: Bootloader /home/timo/.local/lib/python3.10/site-packages/PyInstaller/bootloader/Linux-64bit-intel/run
49380 INFO: checking EXE
49380 INFO: Building EXE because EXE-00.toc is non existent
49380 INFO: Building EXE from EXE-00.toc
49380 INFO: Copying bootloader EXE to /home/timo/git/Dienstplan/dist/Dienstplan
49380 INFO: Appending PKG archive to custom ELF section in EXE
49482 INFO: Building EXE from EXE-00.toc completed successfully.
49527 INFO: checking COLLECT
49527 INFO: Building COLLECT because COLLECT-00.toc is non existent
49531 INFO: Building COLLECT COLLECT-00.toc
Traceback (most recent call last):
  File "/usr/lib/python3.10/runpy.py", line 196, in _run_module_as_main
    return _run_code(code, main_globals, None,
  File "/usr/lib/python3.10/runpy.py", line 86, in _run_code
    exec(code, run_globals)
  File "/home/timo/.local/lib/python3.10/site-packages/PyInstaller/__main__.py", line 321, in <module>
    run()
  File "/home/timo/.local/lib/python3.10/site-packages/PyInstaller/__main__.py", line 215, in run
    run_build(pyi_config, spec_file, **vars(args))
  File "/home/timo/.local/lib/python3.10/site-packages/PyInstaller/__main__.py", line 70, in run_build
    PyInstaller.building.build_main.main(pyi_config, spec_file, **kwargs)
  File "/home/timo/.local/lib/python3.10/site-packages/PyInstaller/building/build_main.py", line 1272, in main
    build(specfile, distpath, workpath, clean_build)
  File "/home/timo/.local/lib/python3.10/site-packages/PyInstaller/building/build_main.py", line 1210, in build
    exec(code, spec_namespace)
  File "Dienstplan.spec", line 131, in <module>
    coll = COLLECT(
  File "/home/timo/.local/lib/python3.10/site-packages/PyInstaller/building/api.py", line 1147, in __init__
    self.__postinit__()
  File "/home/timo/.local/lib/python3.10/site-packages/PyInstaller/building/datastruct.py", line 184, in __postinit__
    self.assemble()
  File "/home/timo/.local/lib/python3.10/site-packages/PyInstaller/building/api.py", line 1214, in assemble
    raise ValueError(f"Resource {src_name!r} is not a valid file!")
ValueError: Resource '/home/timo/git/Dienstplan/dist/Dienstplan' is not a valid file!
ERROR: PyInstaller build failed
